SF:lib/app/modules/auth/login/views/login_screen.dart
DA:12,36
DA:14,2
DA:15,2
DA:25,2
DA:27,2
DA:28,6
DA:29,2
DA:32,1
DA:33,3
DA:34,3
DA:35,2
DA:36,0
DA:41,2
DA:43,2
DA:44,2
DA:45,1
DA:46,1
DA:47,2
DA:50,0
DA:51,0
DA:52,0
DA:53,0
DA:57,2
DA:61,2
DA:63,2
DA:64,2
DA:65,2
DA:67,2
DA:68,2
DA:81,2
DA:82,2
DA:84,2
DA:86,2
DA:94,2
DA:95,2
DA:96,2
DA:103,2
DA:104,2
DA:105,2
DA:113,2
DA:115,2
DA:116,2
DA:117,2
DA:118,2
DA:120,0
DA:121,2
DA:126,2
DA:128,2
DA:129,2
DA:135,2
DA:136,2
DA:137,2
DA:138,4
DA:148,2
DA:150,2
DA:152,2
DA:153,0
DA:154,2
DA:163,2
DA:165,2
DA:168,2
DA:169,2
DA:170,1
DA:171,1
DA:173,1
DA:174,1
DA:178,2
DA:180,2
DA:181,2
LF:69
LH:62
end_of_record
SF:lib/app/modules/auth/register/views/register_screen.dart
DA:13,36
DA:15,3
DA:16,3
DA:27,3
DA:29,3
DA:30,12
DA:34,1
DA:35,3
DA:36,3
DA:37,3
DA:39,3
DA:40,2
DA:45,2
DA:49,2
DA:52,3
DA:53,1
DA:54,1
DA:58,0
DA:61,0
DA:69,3
DA:71,3
DA:72,3
DA:73,3
DA:75,1
DA:76,1
DA:89,3
DA:90,3
DA:92,3
DA:94,3
DA:102,3
DA:104,3
DA:111,3
DA:113,3
DA:120,3
DA:122,3
DA:130,3
DA:131,3
DA:132,3
DA:133,6
DA:144,3
DA:146,3
DA:148,3
DA:149,0
DA:150,3
DA:159,3
DA:161,3
DA:164,3
DA:165,0
DA:166,0
DA:168,0
DA:169,0
DA:173,3
DA:175,3
DA:176,3
LF:54
LH:47
end_of_record
SF:lib/app/modules/onboarding/views/onboarding_screen.dart
DA:9,20
DA:11,4
DA:13,4
DA:15,4
DA:17,4
DA:19,4
DA:20,4
DA:21,4
DA:22,4
DA:26,4
DA:28,4
DA:58,4
DA:60,4
DA:62,1
DA:63,1
DA:65,1
DA:66,1
DA:72,5
DA:73,1
DA:75,1
DA:76,1
LF:21
LH:21
end_of_record
SF:lib/app/controller/acara_controller.dart
DA:8,0
DA:10,0
DA:11,0
DA:12,0
DA:14,0
DA:16,0
LF:6
LH:0
end_of_record
SF:lib/app/models/acara_kemahasiswaan.dart
DA:16,1
DA:30,0
DA:31,0
DA:32,0
DA:33,0
DA:34,0
DA:35,0
DA:36,0
DA:37,0
DA:38,0
DA:39,0
DA:40,0
DA:41,0
DA:44,0
DA:45,0
DA:46,0
DA:47,0
DA:48,0
DA:49,0
DA:50,0
DA:51,0
DA:52,0
DA:53,0
DA:54,0
LF:24
LH:1
end_of_record
SF:lib/app/controller/beasiswa_controller.dart
DA:9,1
DA:12,1
DA:13,1
DA:14,2
DA:16,0
DA:18,0
DA:25,1
DA:27,3
DA:30,0
DA:36,1
DA:38,2
DA:39,1
DA:40,1
DA:41,1
DA:42,2
DA:43,0
DA:45,0
DA:50,1
DA:51,4
LF:19
LH:14
end_of_record
SF:lib/app/models/beasiswa_model.dart
DA:13,1
DA:24,2
DA:25,1
DA:26,1
DA:27,1
DA:28,1
DA:29,1
DA:30,1
DA:31,1
DA:32,1
LF:10
LH:10
end_of_record
SF:lib/app/controller/chat_controller.dart
DA:10,0
DA:12,0
DA:14,0
DA:15,0
DA:18,0
DA:27,0
DA:28,0
DA:29,0
DA:31,0
DA:32,0
DA:33,0
DA:34,0
DA:35,0
DA:38,0
DA:42,0
DA:43,0
DA:44,0
DA:45,0
DA:47,0
DA:48,0
DA:49,0
DA:50,0
DA:51,0
DA:52,0
LF:24
LH:0
end_of_record
SF:lib/app/models/messages.dart
DA:10,0
DA:18,0
DA:19,0
DA:20,0
DA:21,0
DA:22,0
DA:23,0
DA:24,0
LF:8
LH:0
end_of_record
SF:lib/app/controller/karir_controller.dart
DA:9,1
DA:12,1
DA:13,1
DA:14,2
DA:16,0
DA:18,0
DA:25,4
DA:26,4
DA:27,4
DA:28,4
DA:32,0
DA:33,0
DA:37,1
DA:39,1
DA:40,1
DA:41,1
DA:42,2
DA:43,0
DA:45,0
DA:50,1
DA:52,4
DA:54,0
LF:22
LH:15
end_of_record
SF:lib/app/models/karirmodel.dart
DA:16,3
DA:30,2
DA:31,1
DA:32,1
DA:33,1
DA:34,1
DA:35,1
DA:36,1
DA:37,1
DA:38,1
DA:39,1
DA:40,1
DA:41,1
LF:13
LH:13
end_of_record
SF:lib/app/controller/karir_submission_controller.dart
DA:9,0
DA:12,0
DA:13,0
DA:14,0
DA:15,0
DA:16,0
DA:17,0
DA:19,0
DA:21,0
DA:27,0
DA:28,0
DA:32,0
DA:33,0
DA:34,0
DA:35,0
DA:36,0
LF:16
LH:0
end_of_record
SF:lib/app/models/karir_submission_model.dart
DA:18,0
DA:34,0
DA:35,0
DA:36,0
DA:37,0
DA:38,0
DA:39,0
DA:40,0
DA:41,0
DA:42,0
DA:43,0
DA:44,0
DA:45,0
DA:46,0
DA:47,0
LF:15
LH:0
end_of_record
SF:lib/app/modules/acara/view/acara_all.dart
DA:5,17
DA:7,2
DA:8,2
DA:69,2
DA:71,2
DA:72,2
DA:73,2
DA:74,2
DA:75,2
DA:76,10
DA:77,0
DA:78,0
DA:79,0
DA:82,2
DA:83,4
DA:84,10
DA:85,4
DA:86,0
DA:87,2
DA:88,4
DA:93,2
DA:95,2
DA:96,10
DA:97,4
DA:98,0
DA:99,0
DA:105,2
DA:108,2
DA:109,4
DA:112,2
DA:114,2
DA:115,4
LF:32
LH:26
end_of_record
SF:lib/app/widgets/card/post_card.dart
DA:39,86
DA:47,3
DA:49,3
DA:50,1
DA:51,1
DA:53,1
DA:54,1
DA:59,3
DA:62,3
DA:63,3
DA:65,3
DA:66,3
DA:67,3
DA:68,3
DA:75,3
DA:77,3
DA:79,3
DA:80,3
DA:83,3
DA:84,3
DA:85,3
DA:86,6
DA:87,4
DA:88,1
DA:94,3
DA:95,3
DA:97,3
DA:98,3
DA:99,3
DA:107,3
DA:108,3
DA:116,3
DA:117,3
DA:125,3
DA:126,3
LF:35
LH:35
end_of_record
SF:lib/app/modules/acara/view/acara_page.dart
DA:10,18
DA:12,2
DA:13,2
DA:26,2
DA:28,2
DA:29,6
DA:32,2
DA:34,4
DA:35,2
DA:38,2
DA:40,2
DA:41,2
DA:42,2
DA:44,1
DA:45,1
DA:47,2
DA:61,2
DA:62,2
DA:63,2
DA:65,2
DA:66,2
DA:67,2
DA:68,2
DA:69,2
DA:70,4
DA:72,2
DA:73,6
DA:74,1
DA:75,2
DA:76,2
DA:77,2
DA:78,1
DA:84,2
DA:85,2
DA:86,6
DA:90,2
DA:91,6
DA:96,2
DA:97,2
DA:98,6
DA:100,2
DA:101,4
DA:113,2
DA:116,2
DA:117,2
DA:118,2
DA:119,1
DA:120,2
DA:121,1
LF:49
LH:49
end_of_record
SF:lib/app/modules/acara/view/kompetisi.dart
DA:5,17
DA:7,1
DA:9,1
DA:10,1
LF:4
LH:4
end_of_record
SF:lib/app/modules/acara/view/seminar.dart
DA:5,17
DA:7,1
DA:9,1
DA:10,1
LF:4
LH:4
end_of_record
SF:lib/app/modules/acara/view/workshop.dart
DA:5,17
DA:7,1
DA:9,1
DA:10,1
LF:4
LH:4
end_of_record
SF:lib/app/modules/homescreen/home_screen.dart
DA:9,189
DA:11,6
DA:12,6
DA:26,0
DA:28,0
DA:33,0
DA:34,0
DA:35,0
DA:45,6
DA:47,6
DA:48,6
DA:49,6
DA:50,6
DA:51,6
DA:52,1
DA:53,2
DA:54,1
DA:57,6
DA:59,6
DA:62,6
DA:64,1
DA:65,2
DA:71,6
DA:72,6
DA:74,6
DA:75,6
DA:78,6
DA:80,6
DA:81,6
DA:84,6
DA:86,6
DA:87,6
DA:90,6
DA:92,6
DA:93,6
LF:35
LH:30
end_of_record
SF:lib/app/modules/admin/acara/make_acara_post_screen.dart
DA:8,1
DA:10,1
DA:11,1
DA:39,1
DA:41,1
DA:42,3
DA:43,3
DA:46,1
DA:48,1
DA:49,1
DA:59,1
DA:61,1
DA:63,1
DA:75,1
DA:76,1
DA:77,0
DA:78,0
DA:94,1
DA:95,1
DA:96,0
DA:97,0
DA:112,1
DA:113,1
DA:114,0
DA:115,0
DA:130,1
DA:131,1
DA:132,0
DA:133,0
DA:149,1
DA:150,1
DA:152,1
DA:153,3
DA:155,1
DA:157,1
DA:158,0
DA:170,1
DA:171,1
DA:173,1
DA:174,3
DA:176,1
DA:178,1
DA:179,0
DA:184,1
DA:186,0
DA:187,0
DA:194,1
DA:196,0
DA:197,0
DA:211,1
DA:212,1
DA:225,1
DA:226,1
DA:227,1
DA:228,1
DA:229,0
DA:230,0
DA:232,0
DA:233,0
DA:234,0
DA:237,0
DA:238,0
DA:242,1
DA:243,1
DA:244,1
DA:245,0
DA:246,0
DA:262,1
DA:263,1
DA:264,1
DA:265,1
DA:266,0
DA:267,0
DA:269,0
DA:270,0
DA:271,0
DA:274,0
DA:275,0
DA:279,1
DA:280,1
DA:281,1
DA:282,0
DA:283,0
DA:291,1
DA:292,0
DA:294,0
DA:295,0
DA:296,0
DA:297,0
DA:298,0
DA:299,0
DA:300,0
DA:301,0
DA:302,0
DA:303,0
DA:304,0
DA:305,0
DA:307,0
DA:327,0
DA:330,0
DA:332,0
DA:336,0
DA:338,0
DA:340,0
DA:341,0
DA:342,0
DA:343,0
DA:346,0
DA:347,0
DA:349,0
DA:351,0
LF:111
LH:52
end_of_record
SF:lib/app/widgets/file_picker.dart
DA:12,2
DA:14,2
DA:15,2
DA:21,0
DA:22,0
DA:24,0
DA:28,0
DA:29,0
DA:30,0
DA:34,0
DA:37,0
DA:38,0
DA:39,0
DA:40,0
DA:41,0
DA:42,0
DA:45,0
DA:48,0
DA:49,0
DA:57,2
DA:59,2
DA:61,2
DA:62,2
DA:63,4
DA:69,2
DA:70,0
DA:71,0
DA:73,2
DA:74,2
DA:77,2
DA:78,6
DA:90,2
DA:91,2
LF:33
LH:15
end_of_record
SF:lib/app/modules/admin/beasiswa/beasiswa_post_admin.dart
DA:11,2
DA:13,1
DA:14,1
DA:20,1
DA:22,1
DA:23,4
DA:26,1
DA:28,1
DA:29,1
DA:39,1
DA:40,1
DA:42,2
DA:45,1
DA:46,1
DA:47,1
DA:48,1
DA:50,1
DA:51,2
DA:61,1
DA:62,1
DA:63,2
DA:64,1
DA:65,1
DA:68,2
DA:71,1
DA:72,1
DA:73,2
DA:74,3
DA:75,1
DA:83,1
DA:84,1
DA:86,1
DA:87,1
DA:88,1
DA:90,1
DA:91,1
DA:92,1
DA:94,2
DA:96,0
DA:100,1
DA:101,2
DA:102,1
DA:104,1
DA:105,2
LF:44
LH:43
end_of_record
SF:lib/app/modules/admin/beasiswa/make_beasiswa_post.dart
DA:7,2
DA:9,1
DA:10,1
DA:22,1
DA:24,1
DA:25,1
DA:35,1
DA:37,1
DA:39,1
DA:52,1
DA:53,1
DA:54,1
DA:66,1
DA:67,1
DA:68,1
DA:80,1
DA:81,1
DA:82,1
DA:94,1
DA:95,1
DA:96,1
DA:108,1
DA:114,0
DA:115,0
DA:116,0
DA:143,1
DA:144,1
DA:145,1
DA:146,1
DA:147,1
DA:148,1
DA:149,1
DA:151,1
DA:152,1
DA:153,1
DA:156,2
DA:157,1
DA:161,1
DA:162,1
DA:163,1
DA:164,6
DA:165,1
DA:174,1
DA:175,1
DA:176,2
DA:177,1
DA:178,2
DA:179,2
DA:180,2
DA:182,1
DA:183,2
DA:184,1
DA:185,2
DA:187,1
DA:205,1
DA:211,1
DA:213,1
DA:215,1
DA:216,1
DA:217,3
DA:218,1
DA:220,1
DA:222,1
LF:63
LH:60
end_of_record
SF:lib/app/modules/admin/beasiswa/update_beasiswa_post.dart
DA:10,2
DA:12,1
DA:13,1
DA:25,1
DA:27,1
DA:28,5
DA:29,5
DA:30,5
DA:31,5
DA:32,4
DA:33,3
DA:34,1
DA:35,0
DA:39,1
DA:41,1
DA:42,1
DA:52,1
DA:54,1
DA:56,1
DA:69,1
DA:70,1
DA:82,1
DA:83,1
DA:95,1
DA:96,1
DA:107,1
DA:108,1
DA:120,1
DA:126,0
DA:127,0
DA:128,0
DA:134,1
DA:135,1
DA:136,2
DA:137,1
DA:138,2
DA:139,2
DA:140,2
DA:142,1
DA:143,4
DA:144,4
DA:145,2
DA:147,1
DA:148,3
DA:166,1
DA:172,1
DA:174,1
DA:176,1
DA:177,1
DA:178,3
DA:179,1
DA:181,1
DA:183,1
LF:53
LH:49
end_of_record
SF:lib/app/widgets/card/adminpost.dart
DA:12,2
DA:21,2
DA:23,2
DA:25,2
DA:26,6
DA:27,3
DA:29,2
DA:30,2
DA:33,2
DA:34,2
DA:36,2
DA:37,2
DA:38,2
DA:39,2
DA:46,2
DA:48,2
DA:50,2
DA:51,2
DA:54,2
DA:55,2
DA:56,2
DA:57,4
DA:63,2
DA:64,2
DA:66,2
DA:67,2
DA:68,2
DA:76,2
DA:77,2
DA:85,2
DA:86,2
DA:94,2
DA:105,2
DA:106,4
DA:107,2
DA:109,2
DA:110,2
DA:111,2
DA:112,2
DA:113,2
DA:115,2
DA:116,2
DA:117,2
DA:118,2
DA:120,2
DA:121,2
DA:122,0
DA:123,0
DA:125,2
DA:127,2
DA:128,2
DA:130,4
DA:131,0
DA:133,0
DA:137,2
DA:138,2
LF:56
LH:52
end_of_record
SF:lib/app/modules/admin/dashboard/controller/latest_post.dart
DA:5,3
DA:7,1
DA:8,1
DA:9,1
DA:10,1
DA:11,1
DA:12,0
DA:13,0
DA:14,0
DA:18,1
DA:19,2
DA:22,1
LF:12
LH:9
end_of_record
SF:lib/app/modules/admin/dashboard/views/dashboard_admin.dart
DA:10,18
DA:12,1
DA:14,1
DA:15,1
DA:25,1
DA:26,1
DA:27,1
DA:33,1
DA:34,1
DA:35,1
DA:36,1
DA:37,2
DA:38,1
DA:39,1
DA:40,0
DA:42,1
DA:43,1
DA:46,1
DA:47,1
DA:48,1
DA:49,2
DA:50,2
DA:53,2
DA:54,2
DA:55,2
DA:56,1
DA:57,1
DA:58,1
DA:60,1
DA:61,1
LF:30
LH:29
end_of_record
SF:lib/app/widgets/dadrawer.dart
DA:8,17
DA:10,0
DA:12,0
DA:13,0
DA:14,0
DA:16,0
DA:17,0
DA:18,0
DA:29,0
DA:31,0
DA:33,0
DA:34,0
DA:35,0
DA:40,0
DA:42,0
DA:43,0
DA:44,0
DA:45,0
DA:46,0
DA:48,0
DA:50,0
DA:51,0
DA:57,0
DA:59,0
DA:60,0
DA:61,0
DA:62,0
DA:63,0
DA:65,0
DA:67,0
DA:68,0
DA:74,0
DA:76,0
DA:80,0
DA:81,0
DA:83,0
DA:85,0
DA:86,0
DA:95,0
DA:97,0
DA:106,0
LF:41
LH:1
end_of_record
SF:lib/app/modules/admin/karir/karirpostadmin.dart
DA:11,1
DA:13,1
DA:14,1
DA:20,1
DA:22,1
DA:23,4
DA:26,1
DA:28,1
DA:29,1
DA:39,1
DA:40,1
DA:41,1
DA:44,2
DA:47,1
DA:48,1
DA:49,1
DA:51,1
DA:53,1
DA:54,2
DA:64,1
DA:65,1
DA:66,2
DA:67,1
DA:68,1
DA:69,0
DA:71,2
DA:72,1
DA:74,1
DA:75,1
DA:76,2
DA:77,3
DA:78,1
DA:81,0
DA:86,1
DA:87,1
DA:89,1
DA:90,1
DA:91,1
DA:93,1
DA:94,1
DA:95,1
DA:96,2
DA:98,1
DA:99,2
DA:100,1
DA:102,1
DA:103,2
LF:47
LH:45
end_of_record
SF:lib/app/modules/admin/karir/makekarirpost.dart
DA:8,2
DA:10,1
DA:11,1
DA:24,0
DA:26,0
DA:28,0
DA:31,0
DA:35,1
DA:37,1
DA:38,1
DA:48,1
DA:50,1
DA:52,1
DA:64,1
DA:65,1
DA:77,1
DA:78,1
DA:89,1
DA:90,1
DA:102,1
DA:103,1
DA:115,1
DA:116,1
DA:125,0
DA:126,0
DA:127,0
DA:141,1
DA:142,1
DA:144,0
DA:145,0
DA:146,0
DA:161,1
DA:162,0
DA:163,0
DA:165,1
DA:166,1
DA:167,1
DA:168,1
DA:201,1
DA:202,1
DA:207,1
DA:208,1
DA:214,1
DA:216,2
DA:217,1
DA:218,1
DA:219,1
DA:220,2
DA:221,2
DA:222,2
DA:223,2
DA:225,2
DA:226,1
DA:227,1
DA:228,1
DA:230,1
DA:250,1
DA:256,1
DA:258,1
DA:260,1
DA:261,1
DA:262,3
DA:263,1
DA:265,1
DA:267,1
LF:65
LH:53
end_of_record
SF:lib/app/modules/admin/karir/updatekarirpost.dart
DA:9,2
DA:11,1
DA:12,1
DA:25,1
DA:27,1
DA:29,5
DA:30,5
DA:31,5
DA:32,5
DA:33,5
DA:34,4
DA:35,4
DA:38,0
DA:40,0
DA:42,0
DA:45,0
DA:49,1
DA:51,1
DA:52,1
DA:62,1
DA:64,1
DA:66,1
DA:77,1
DA:78,1
DA:79,1
DA:89,1
DA:90,1
DA:91,1
DA:101,1
DA:102,1
DA:103,1
DA:113,1
DA:114,1
DA:115,1
DA:125,1
DA:126,1
DA:135,0
DA:136,0
DA:137,0
DA:149,1
DA:150,1
DA:152,0
DA:153,0
DA:154,0
DA:166,1
DA:167,1
DA:168,1
DA:172,1
DA:173,1
DA:179,1
DA:180,2
DA:181,1
DA:182,1
DA:183,1
DA:184,2
DA:185,2
DA:186,2
DA:187,2
DA:189,2
DA:190,4
DA:191,4
DA:192,1
DA:194,1
DA:195,3
DA:215,1
DA:221,1
DA:223,1
DA:225,1
DA:226,1
DA:227,3
DA:228,1
DA:230,1
DA:232,1
LF:73
LH:63
end_of_record
SF:lib/app/modules/auth/controller/auth_controller.dart
DA:11,0
DA:13,0
DA:17,0
DA:19,0
DA:24,0
DA:27,0
DA:33,0
DA:34,0
DA:39,0
DA:43,0
DA:44,0
DA:46,0
LF:12
LH:0
end_of_record
SF:lib/app/widgets/button/google_button.dart
DA:5,34
DA:7,3
DA:9,3
DA:10,0
DA:13,3
DA:18,3
LF:6
LH:5
end_of_record
SF:lib/app/widgets/button/primary_button.dart
DA:4,4
DA:9,4
DA:13,4
DA:15,4
DA:16,4
DA:20,4
DA:21,4
DA:23,4
DA:24,4
DA:25,4
LF:10
LH:10
end_of_record
SF:lib/app/modules/beasiswa/views/beasiswa_screen.dart
DA:6,17
DA:25,1
DA:27,1
DA:28,1
DA:29,1
DA:31,1
DA:38,1
DA:40,1
DA:41,1
DA:43,2
DA:49,1
DA:50,1
DA:51,2
DA:52,2
DA:53,1
DA:54,1
DA:56,1
DA:57,1
DA:60,1
DA:61,1
DA:62,1
DA:64,1
DA:65,1
DA:66,3
DA:75,1
DA:78,1
DA:79,3
DA:80,1
DA:83,1
DA:86,2
DA:87,1
DA:88,3
LF:32
LH:32
end_of_record
SF:lib/app/modules/chat/chatroom.dart
DA:9,1
DA:10,1
DA:16,1
DA:18,1
DA:19,1
DA:20,1
DA:22,1
DA:23,1
DA:25,2
DA:29,1
DA:31,1
DA:36,1
DA:37,1
DA:38,3
DA:39,1
DA:40,1
DA:41,0
DA:44,2
DA:45,1
DA:46,1
DA:50,0
DA:51,0
DA:57,0
DA:58,0
DA:60,0
DA:61,0
DA:62,0
DA:63,0
DA:64,0
DA:65,0
DA:66,0
DA:67,0
DA:68,0
DA:69,0
DA:76,0
LF:35
LH:19
end_of_record
SF:lib/app/modules/chat/messages.dart
DA:10,0
DA:12,0
DA:13,0
DA:14,0
DA:22,0
DA:23,0
DA:25,0
DA:26,0
DA:28,0
DA:33,0
DA:35,0
DA:36,0
DA:37,0
DA:39,0
DA:40,0
DA:41,0
DA:42,0
DA:44,0
DA:51,0
DA:52,0
DA:53,0
DA:54,0
DA:55,0
DA:56,0
DA:57,0
DA:59,0
DA:60,0
DA:61,0
DA:65,0
DA:66,0
DA:67,0
DA:68,0
DA:74,0
DA:75,0
DA:78,0
DA:82,0
DA:84,0
DA:85,0
DA:86,0
DA:87,0
DA:93,0
DA:94,0
DA:95,0
DA:96,0
DA:97,0
DA:98,0
DA:99,0
DA:100,0
DA:101,0
DA:107,0
DA:108,0
DA:109,0
LF:52
LH:0
end_of_record
SF:lib/app/modules/dashboard/views/dashboard_screen.dart
DA:12,17
DA:14,6
DA:16,18
DA:17,18
DA:18,12
DA:19,0
DA:20,6
DA:21,6
DA:23,6
DA:25,6
DA:26,6
DA:27,6
DA:29,6
DA:30,6
DA:36,6
DA:43,6
DA:46,6
DA:48,6
DA:58,6
DA:87,6
DA:90,6
DA:104,6
DA:106,6
DA:108,6
DA:118,6
DA:120,6
DA:122,6
DA:124,6
DA:125,6
DA:127,6
DA:129,6
DA:132,6
DA:133,6
DA:134,6
DA:135,1
DA:136,1
DA:138,1
DA:139,1
DA:144,6
DA:161,6
DA:164,6
DA:165,6
DA:166,6
DA:167,1
DA:168,1
DA:170,1
DA:171,1
DA:176,6
DA:192,6
DA:195,6
DA:196,6
DA:197,6
DA:198,0
DA:199,0
DA:201,0
DA:202,0
DA:207,6
DA:223,6
DA:224,6
DA:225,6
DA:226,0
DA:227,0
DA:229,0
DA:230,0
DA:234,6
DA:250,6
DA:252,6
DA:254,6
DA:258,6
DA:259,6
DA:260,6
DA:261,1
DA:262,1
DA:264,1
DA:265,1
DA:268,6
DA:284,6
DA:287,6
DA:288,6
DA:289,6
DA:290,1
DA:291,1
DA:293,1
DA:294,1
DA:297,6
DA:326,6
DA:327,6
DA:363,6
DA:364,6
LF:89
LH:80
end_of_record
SF:lib/app/modules/jadwal/jadwal_page.dart
DA:6,17
DA:8,0
DA:9,0
DA:20,0
DA:22,0
DA:24,0
DA:25,0
DA:26,0
DA:63,0
DA:64,0
LF:10
LH:1
end_of_record
SF:lib/app/modules/leaderboard/views/leaderboard_page.dart
DA:8,17
DA:10,1
DA:12,1
DA:13,1
DA:14,1
DA:16,1
DA:17,1
DA:19,2
LF:8
LH:8
end_of_record
SF:lib/app/modules/milestone/views/milestone_page.dart
DA:8,18
DA:10,2
DA:12,2
DA:13,2
DA:14,2
DA:15,2
DA:17,1
DA:18,1
DA:20,2
LF:9
LH:9
end_of_record
SF:lib/app/modules/notification/views/notification_screen.dart
DA:7,17
DA:25,1
DA:27,1
DA:28,1
DA:29,1
DA:31,1
DA:38,1
DA:40,1
DA:41,1
DA:43,2
DA:49,1
DA:50,1
DA:51,2
DA:52,2
DA:53,1
DA:54,1
DA:56,1
DA:57,1
DA:59,1
DA:60,1
DA:61,3
DA:63,4
DA:64,4
LF:23
LH:23
end_of_record
SF:lib/app/widgets/card/homepage_card.dart
DA:5,17
DA:7,6
DA:9,6
DA:12,6
DA:14,6
DA:15,6
DA:25,6
DA:28,6
DA:29,6
LF:9
LH:9
end_of_record
SF:lib/app/modules/karir/karir_page.dart
DA:7,36
DA:9,3
DA:10,3
DA:21,3
DA:23,3
DA:25,3
DA:26,3
DA:27,3
DA:28,3
DA:30,1
DA:31,1
DA:33,2
DA:73,3
DA:74,3
LF:14
LH:14
end_of_record
SF:lib/app/modules/profil/views/profil_page.dart
DA:8,6
DA:9,1
DA:10,1
DA:22,1
DA:24,1
DA:25,3
DA:26,1
DA:29,1
DA:30,2
DA:31,2
DA:32,1
DA:33,4
DA:34,4
DA:35,4
DA:36,4
DA:40,0
DA:42,0
DA:43,0
DA:44,0
DA:45,0
DA:46,0
DA:48,0
DA:50,0
DA:51,0
DA:52,0
DA:58,1
DA:60,1
DA:61,1
DA:62,1
DA:64,1
DA:65,1
DA:67,2
DA:81,1
DA:83,1
DA:85,1
DA:86,1
DA:88,1
DA:90,1
DA:97,1
DA:98,1
DA:99,1
DA:102,1
DA:103,1
DA:104,1
DA:107,1
DA:108,1
DA:110,1
DA:113,1
DA:114,1
DA:115,1
DA:118,1
DA:119,1
DA:120,1
DA:121,1
LF:54
LH:44
end_of_record
SF:lib/app/modules/jadwal/jadwal.dart
DA:14,0
DA:16,0
DA:18,0
DA:19,0
DA:21,0
DA:24,0
DA:25,0
DA:27,0
DA:33,0
DA:34,0
DA:41,0
DA:42,0
DA:43,0
DA:44,0
DA:45,0
DA:46,0
DA:47,0
DA:49,0
DA:50,0
DA:52,0
DA:53,0
DA:55,0
DA:56,0
DA:57,0
DA:58,0
DA:64,0
DA:65,0
DA:66,0
DA:68,0
DA:69,0
DA:71,0
DA:72,0
DA:73,0
DA:75,0
DA:76,0
DA:78,0
DA:79,0
DA:83,0
DA:84,0
DA:85,0
DA:86,0
DA:87,0
DA:88,0
DA:89,0
DA:90,0
DA:91,0
DA:92,0
DA:93,0
DA:94,0
DA:95,0
DA:98,0
DA:99,0
DA:100,0
DA:101,0
DA:102,0
DA:103,0
DA:104,0
DA:105,0
LF:58
LH:0
end_of_record
SF:lib/app/widgets/date/date_card.dart
DA:7,0
DA:12,0
DA:14,0
DA:16,0
DA:17,0
DA:18,0
DA:20,0
DA:22,0
DA:23,0
DA:24,0
DA:26,0
DA:27,0
DA:28,0
DA:29,0
DA:36,0
DA:38,0
DA:41,0
DA:42,0
DA:43,0
DA:51,0
DA:52,0
LF:21
LH:0
end_of_record
SF:lib/app/widgets/date/date_button.dart
DA:8,0
DA:13,0
DA:15,0
DA:17,0
DA:18,0
DA:20,0
DA:24,0
DA:25,0
DA:27,0
DA:28,0
DA:29,0
DA:36,0
DA:37,0
DA:38,0
DA:40,0
DA:41,0
DA:42,0
DA:50,0
DA:52,0
DA:53,0
DA:54,0
LF:21
LH:0
end_of_record
SF:lib/app/modules/jadwal/to_do_list.dart
DA:8,17
DA:15,0
DA:17,0
DA:18,0
DA:19,0
DA:21,0
DA:23,0
DA:33,0
DA:35,0
DA:36,0
DA:39,0
DA:40,0
DA:41,0
DA:42,0
DA:43,0
DA:46,0
DA:47,0
DA:48,0
DA:50,0
DA:51,0
DA:52,0
DA:53,0
DA:55,0
DA:56,0
DA:57,0
DA:58,0
DA:59,0
DA:65,0
DA:67,0
DA:87,0
DA:88,0
DA:89,0
DA:90,0
DA:91,0
DA:97,0
DA:99,0
LF:36
LH:1
end_of_record
SF:lib/app/widgets/chart/chart.dart
DA:10,0
DA:12,0
DA:14,0
DA:15,0
DA:16,0
DA:17,0
DA:19,0
DA:21,0
DA:23,0
DA:25,0
DA:27,0
DA:29,0
DA:31,0
DA:33,0
LF:14
LH:0
end_of_record
SF:lib/app/widgets/chart/chart_explanation.dart
DA:4,0
DA:8,0
DA:13,0
DA:15,0
DA:16,0
DA:17,0
DA:20,0
DA:21,0
DA:22,0
DA:26,0
DA:27,0
LF:11
LH:0
end_of_record
SF:lib/app/widgets/button/ternary_button.dart
DA:8,0
DA:14,0
DA:16,0
DA:18,0
DA:19,0
DA:20,0
DA:21,0
DA:22,0
DA:23,0
DA:24,0
DA:30,0
DA:31,0
DA:34,0
DA:35,0
LF:14
LH:0
end_of_record
SF:lib/app/widgets/card/to_do_list_card.dart
DA:4,17
DA:6,0
DA:7,0
DA:13,0
DA:15,0
DA:16,0
DA:17,0
DA:19,0
DA:20,0
DA:21,0
DA:22,0
DA:29,0
DA:31,0
DA:32,0
DA:33,0
DA:34,0
DA:36,0
DA:37,0
DA:38,0
LF:19
LH:1
end_of_record
SF:lib/app/modules/karir/detail_karir.dart
DA:7,17
DA:9,1
DA:10,1
DA:14,1
DA:16,1
DA:18,1
DA:19,1
DA:20,1
DA:22,1
DA:23,1
DA:36,1
DA:37,1
DA:38,1
DA:43,1
DA:44,1
DA:59,1
DA:60,1
DA:62,1
DA:63,1
DA:64,1
DA:66,1
DA:68,1
DA:69,1
DA:70,1
DA:71,1
DA:108,1
DA:109,1
DA:110,1
DA:111,1
DA:118,1
LF:30
LH:30
end_of_record
SF:lib/app/widgets/card/description_card.dart
DA:5,18
DA:7,2
DA:9,2
DA:11,2
DA:12,2
DA:14,2
DA:15,2
DA:16,2
DA:23,2
DA:25,2
DA:27,2
DA:28,2
DA:29,2
LF:13
LH:13
end_of_record
SF:lib/app/widgets/card/detail_top_card.dart
DA:10,18
DA:18,1
DA:20,2
DA:22,2
DA:23,2
DA:26,2
DA:27,2
DA:29,2
DA:30,2
DA:31,2
DA:32,2
DA:40,2
DA:42,2
DA:43,2
DA:44,2
DA:52,2
DA:53,2
DA:54,2
DA:57,2
DA:58,2
DA:59,2
DA:60,4
DA:66,2
DA:67,2
DA:69,2
DA:70,2
DA:71,2
DA:79,2
DA:80,2
DA:92,2
DA:93,2
DA:94,2
DA:95,2
DA:96,2
DA:98,2
DA:108,2
DA:109,2
DA:111,2
DA:112,2
DA:121,2
DA:122,2
LF:41
LH:41
end_of_record
SF:lib/app/widgets/card/regulation_card.dart
DA:5,34
DA:7,1
DA:9,1
DA:11,1
DA:12,1
DA:14,1
DA:15,1
DA:16,1
DA:23,1
DA:25,1
DA:27,1
DA:28,1
DA:29,1
LF:13
LH:13
end_of_record
SF:lib/app/modules/karir/detail_karir_ril.dart
DA:13,2
DA:15,1
DA:16,1
DA:20,1
DA:22,1
DA:24,1
DA:25,1
DA:26,1
DA:28,1
DA:29,1
DA:31,3
DA:45,1
DA:46,1
DA:47,1
DA:52,1
DA:53,1
DA:60,1
DA:61,3
DA:62,3
DA:68,1
DA:69,1
DA:71,1
DA:72,1
DA:73,1
DA:75,1
DA:77,1
DA:78,1
DA:79,1
DA:80,1
DA:117,1
DA:119,1
DA:120,1
DA:121,1
DA:122,1
DA:123,1
DA:124,3
DA:127,1
DA:138,1
DA:144,1
DA:145,1
DA:147,1
DA:148,1
DA:149,3
LF:43
LH:43
end_of_record
SF:lib/app/modules/karir/form_daftar_karir.dart
DA:13,2
DA:15,1
DA:16,1
DA:32,1
DA:34,1
DA:37,0
DA:38,0
DA:39,0
DA:43,0
DA:44,0
DA:45,0
DA:49,1
DA:51,1
DA:52,1
DA:53,1
DA:55,1
DA:56,1
DA:58,2
DA:72,1
DA:74,1
DA:75,1
DA:77,1
DA:79,1
DA:80,1
DA:81,1
DA:84,1
DA:85,1
DA:86,1
DA:89,1
DA:90,1
DA:91,1
DA:94,1
DA:95,1
DA:96,1
DA:99,1
DA:100,1
DA:101,1
DA:104,1
DA:106,1
DA:109,1
DA:111,1
DA:114,1
DA:115,1
DA:116,1
DA:119,1
DA:120,1
DA:121,1
DA:124,1
DA:125,1
DA:126,1
DA:129,1
DA:130,1
DA:131,1
DA:134,1
DA:140,1
DA:142,2
DA:143,1
DA:144,2
DA:150,0
DA:151,0
DA:152,0
DA:153,0
DA:154,0
DA:155,0
DA:156,0
DA:157,0
DA:158,0
DA:159,0
DA:160,0
DA:161,0
DA:162,0
DA:163,0
DA:165,0
DA:166,0
DA:169,0
DA:170,0
DA:172,0
LF:77
LH:52
end_of_record
SF:lib/app/modules/karir/lowongan_kerja.dart
DA:13,4
DA:14,3
DA:15,4
DA:17,4
DA:19,4
DA:20,4
DA:21,12
DA:26,4
DA:27,4
DA:28,8
DA:29,4
DA:30,4
DA:31,0
DA:32,0
DA:34,8
DA:35,4
DA:37,3
DA:38,2
DA:39,1
DA:40,1
DA:41,4
DA:44,0
DA:45,0
DA:50,1
DA:51,1
DA:52,1
DA:53,1
DA:54,1
DA:55,1
DA:56,1
DA:57,1
DA:58,1
DA:59,1
DA:60,1
DA:61,1
DA:62,1
DA:63,1
DA:65,1
DA:66,3
DA:67,1
DA:68,1
DA:69,1
DA:70,5
DA:71,1
DA:72,5
DA:73,1
DA:74,4
DA:75,1
DA:77,0
DA:78,0
DA:80,0
DA:81,0
DA:82,0
LF:53
LH:44
end_of_record
SF:lib/app/modules/karir/magang.dart
DA:5,17
DA:7,0
DA:9,0
DA:10,0
LF:4
LH:1
end_of_record
SF:lib/app/modules/karir/post_card_karir.dart
DA:72,1
DA:81,1
DA:83,1
DA:84,1
DA:85,1
DA:88,1
DA:89,1
DA:91,1
DA:92,1
DA:93,1
DA:94,1
DA:101,1
DA:103,1
DA:105,1
DA:106,1
DA:109,1
DA:110,1
DA:111,1
DA:112,2
DA:113,2
DA:114,0
DA:120,1
DA:121,1
DA:123,1
DA:124,1
DA:125,1
DA:133,1
DA:134,1
DA:142,1
DA:143,1
DA:151,1
DA:152,1
LF:32
LH:31
end_of_record
SF:lib/app/widgets/achievement_card.dart
DA:10,17
DA:19,1
DA:21,1
DA:24,1
DA:25,1
DA:27,1
DA:28,1
DA:30,1
DA:31,1
DA:32,1
DA:33,1
DA:41,1
DA:43,1
DA:44,1
DA:45,1
DA:47,3
DA:49,1
DA:52,1
DA:53,1
DA:54,1
DA:55,2
DA:61,1
DA:62,1
DA:63,1
DA:64,1
DA:66,1
DA:67,1
DA:68,1
DA:76,1
DA:77,1
DA:91,1
DA:92,2
LF:32
LH:32
end_of_record
SF:lib/app/widgets/achievement_logo.dart
DA:4,17
DA:6,1
DA:8,1
DA:9,1
DA:12,1
DA:13,2
DA:14,1
DA:17,1
DA:18,1
DA:19,1
DA:24,1
DA:25,1
DA:26,1
DA:30,1
DA:31,1
DA:32,1
DA:33,1
DA:34,1
DA:36,1
DA:42,1
DA:44,1
LF:21
LH:21
end_of_record
SF:lib/app/widgets/milestone_card.dart
DA:9,17
DA:11,2
DA:13,2
DA:15,2
DA:17,2
DA:18,2
DA:19,2
DA:21,2
DA:22,2
DA:23,2
DA:24,2
DA:31,2
DA:33,2
DA:36,2
DA:45,2
DA:46,2
DA:47,4
DA:72,2
DA:73,1
DA:82,2
DA:85,2
DA:88,2
DA:89,2
DA:90,4
DA:115,2
DA:116,0
LF:26
LH:25
end_of_record
SF:lib/app/widgets/pencapaian_card.dart
DA:8,17
DA:13,0
DA:15,2
DA:17,2
DA:19,2
DA:20,2
DA:22,2
DA:25,2
DA:27,2
DA:28,2
DA:29,2
DA:30,2
DA:38,2
DA:39,2
DA:40,2
DA:43,2
DA:44,2
DA:45,2
DA:46,4
DA:52,2
DA:53,2
DA:56,2
DA:57,2
DA:58,2
DA:66,2
DA:67,2
LF:26
LH:25
end_of_record
SF:lib/app/widgets/button/secondary_button.dart
DA:4,4
DA:10,4
DA:12,4
DA:14,4
DA:15,4
DA:19,4
DA:28,4
DA:29,4
DA:30,4
LF:9
LH:9
end_of_record
SF:lib/app/modules/profil/controller/user_service.dart
DA:7,0
DA:8,0
DA:10,0
DA:12,0
DA:15,0
DA:20,0
DA:21,0
DA:24,0
DA:25,0
DA:30,0
DA:32,0
DA:34,0
LF:12
LH:0
end_of_record
SF:lib/app/modules/splashscreen/views/splash_screen.dart
DA:5,1
DA:7,1
DA:9,1
DA:10,1
DA:11,1
DA:12,1
DA:13,2
DA:18,1
DA:19,1
DA:20,1
DA:21,1
DA:23,1
DA:25,4
DA:26,1
DA:27,1
DA:29,1
DA:30,1
DA:31,1
DA:32,1
DA:41,1
DA:43,1
DA:46,1
DA:53,1
DA:55,1
DA:57,1
DA:79,1
DA:83,1
DA:84,3
DA:85,4
DA:86,1
DA:101,17
DA:103,1
DA:105,1
DA:106,1
DA:107,1
DA:108,4
DA:109,1
DA:110,1
DA:117,1
DA:119,1
DA:125,3
DA:128,2
DA:130,1
DA:131,2
DA:134,1
DA:137,3
DA:140,2
DA:141,1
DA:143,1
DA:146,1
DA:147,1
DA:148,1
DA:153,0
DA:158,17
DA:160,1
DA:162,1
DA:163,1
DA:164,1
DA:165,4
DA:166,1
DA:167,1
LF:61
LH:60
end_of_record
SF:lib/app/widgets/milestone_checkbox.dart
DA:6,4
DA:8,2
DA:10,2
DA:12,2
DA:15,2
DA:16,2
DA:17,2
DA:18,4
DA:20,4
DA:22,2
LF:10
LH:10
end_of_record
